
Jul 11, 2024 14:00:16.11 NEW SESSION
Jul 11, 2024 14:00:16.11 Created TensorFlow Lite XNNPACK delegate for CPU.
Jul 11, 2024 14:01:03.34 [14716:744:0711/140103.346:ERROR:interface_endpoint_client.cc(722)] Message 1 rejected by interface blink.mojom.WidgetHost
Jul 11, 2024 14:01:03.34 [14716:744:0711/140103.346:ERROR:interface_endpoint_client.cc(722)] Message 1 rejected by interface blink.mojom.WidgetHost
Jul 11, 2024 14:06:30.13 [14716:744:0711/140630.137:ERROR:interface_endpoint_client.cc(722)] Message 1 rejected by interface blink.mojom.WidgetHost

Jul 13, 2024 16:39:51.15 NEW SESSION
Jul 13, 2024 16:39:51.15 Created TensorFlow Lite XNNPACK delegate for CPU.
Jul 13, 2024 16:40:21.25 [16292:8128:0713/164021.252:ERROR:account_info_fetcher.cc(62)] OnGetTokenFailure: Connection failed (-106).

Jul 14, 2024 21:35:10.33 NEW SESSION
Jul 14, 2024 21:35:10.33 Created TensorFlow Lite XNNPACK delegate for CPU.
Jul 14, 2024 21:35:42.02 [12500:4320:0714/213542.024:ERROR:account_info_fetcher.cc(62)] OnGetTokenFailure: Connection failed (-106).
Jul 14, 2024 21:38:17.98 [12500:13156:0714/213817.980:ERROR:connection_factory_impl.cc(434)] Failed to connect to MCS endpoint with error -105
Jul 14, 2024 21:38:18.00 [12500:13156:0714/213818.003:ERROR:connection_factory_impl.cc(434)] Failed to connect to MCS endpoint with error -105
Jul 14, 2024 21:38:21.24 [12500:1280:0714/213821.243:ERROR:get_updates_processor.cc(263)] PostClientToServerMessage() failed during GetUpdates with error Network error (ERR_NETWORK_CHANGED)

Jul 15, 2024 14:53:58.29 NEW SESSION
Jul 15, 2024 14:53:58.29 Created TensorFlow Lite XNNPACK delegate for CPU.
Jul 15, 2024 15:00:30.10 [11904:16352:0715/150030.108:ERROR:device_event_log_impl.cc(196)] [15:00:30.107] USB: usb_service_win.cc:105 SetupDiGetDeviceProperty({{A45C254E-DF1C-4EFD-8020-67D146A850E0}, 6}) failed: Element not found. (0x490)
Jul 15, 2024 16:32:11.40 [11904:16352:0715/163211.405:ERROR:interface_endpoint_client.cc(722)] Message 1 rejected by interface blink.mojom.WidgetHost

Jul 16, 2024 08:24:09.20 NEW SESSION
Jul 16, 2024 08:24:09.20 Created TensorFlow Lite XNNPACK delegate for CPU.
Jul 16, 2024 08:24:39.33 [13012:15632:0716/082439.334:ERROR:account_info_fetcher.cc(62)] OnGetTokenFailure: Connection failed (-106).

Jul 17, 2024 08:49:03.61 NEW SESSION
Jul 17, 2024 08:49:03.61 Created TensorFlow Lite XNNPACK delegate for CPU.
Jul 17, 2024 08:49:34.34 [8844:1864:0717/084934.344:ERROR:account_info_fetcher.cc(62)] OnGetTokenFailure: Connection failed (-106).
Jul 17, 2024 08:58:11.08 [8844:14132:0717/085811.089:ERROR:connection_factory_impl.cc(434)] Failed to connect to MCS endpoint with error -105
Jul 17, 2024 08:58:15.43 [8844:1864:0717/085815.432:ERROR:interface_endpoint_client.cc(722)] Message 1 rejected by interface blink.mojom.WidgetHost

Jul 17, 2024 15:26:51.91 NEW SESSION
Jul 17, 2024 15:26:51.91 Created TensorFlow Lite XNNPACK delegate for CPU.
Jul 17, 2024 15:29:48.89 [660:10404:0717/152948.898:ERROR:device_event_log_impl.cc(196)] [15:29:48.897] USB: usb_service_win.cc:105 SetupDiGetDeviceProperty({{A45C254E-DF1C-4EFD-8020-67D146A850E0}, 6}) failed: Element not found. (0x490)
Jul 17, 2024 15:29:54.44 [660:10404:0717/152954.440:ERROR:interface_endpoint_client.cc(722)] Message 1 rejected by interface blink.mojom.WidgetHost
Jul 17, 2024 16:03:33.20 [660:10404:0717/160333.206:ERROR:interface_endpoint_client.cc(722)] Message 1 rejected by interface blink.mojom.WidgetHost
Jul 17, 2024 18:06:25.01 [660:10404:0717/180625.013:ERROR:interface_endpoint_client.cc(722)] Message 1 rejected by interface blink.mojom.WidgetHost

Jul 18, 2024 22:46:30.06 NEW SESSION
Jul 18, 2024 22:46:30.06 Created TensorFlow Lite XNNPACK delegate for CPU.
Jul 18, 2024 22:53:32.03 [12356:3556:0718/225332.029:ERROR:interface_endpoint_client.cc(722)] Message 1 rejected by interface blink.mojom.WidgetHost

Jul 20, 2024 20:41:04.53 NEW SESSION
Jul 20, 2024 20:41:04.53 Created TensorFlow Lite XNNPACK delegate for CPU.
Jul 20, 2024 20:47:14.15 [12720:11092:0720/204714.159:ERROR:interface_endpoint_client.cc(722)] Message 1 rejected by interface blink.mojom.WidgetHost
Jul 20, 2024 22:15:47.86 [12720:9184:0720/221547.863:ERROR:connection_factory_impl.cc(434)] Failed to connect to MCS endpoint with error -105
Jul 20, 2024 22:15:49.05 [12720:11092:0720/221549.059:ERROR:device_event_log_impl.cc(196)] [22:15:49.059] USB: usb_service_win.cc:105 SetupDiGetDeviceProperty({{A45C254E-DF1C-4EFD-8020-67D146A850E0}, 6}) failed: Element not found. (0x490)
Jul 20, 2024 22:15:49.92 [12720:9184:0720/221549.919:ERROR:connection_factory_impl.cc(434)] Failed to connect to MCS endpoint with error -106
Jul 20, 2024 22:29:03.73 [12720:11092:0720/222903.739:ERROR:device_event_log_impl.cc(196)] [22:29:03.740] USB: usb_service_win.cc:105 SetupDiGetDeviceProperty({{A45C254E-DF1C-4EFD-8020-67D146A850E0}, 6}) failed: Element not found. (0x490)
Jul 20, 2024 22:29:03.97 [12720:9184:0720/222903.972:ERROR:connection_factory_impl.cc(434)] Failed to connect to MCS endpoint with error -106
Jul 21, 2024 24:48:09.80 [12720:11092:0721/004809.806:ERROR:interface_endpoint_client.cc(722)] Message 1 rejected by interface blink.mojom.WidgetHost

Jul 21, 2024 16:38:59.52 NEW SESSION
Jul 21, 2024 16:38:59.52 Created TensorFlow Lite XNNPACK delegate for CPU.

Jul 22, 2024 16:13:27.34 NEW SESSION
Jul 22, 2024 16:13:27.34 Created TensorFlow Lite XNNPACK delegate for CPU.
Jul 22, 2024 16:15:20.91 [9256:9192:0722/161520.913:ERROR:connection_factory_impl.cc(434)] Failed to connect to MCS endpoint with error -105
Jul 22, 2024 16:22:11.22 [9256:5992:0722/162211.223:ERROR:interface_endpoint_client.cc(722)] Message 1 rejected by interface blink.mojom.WidgetHost
Jul 22, 2024 17:10:28.30 [9256:5992:0722/171028.300:ERROR:interface_endpoint_client.cc(722)] Message 1 rejected by interface blink.mojom.WidgetHost
Jul 22, 2024 17:29:01.99 [9256:5992:0722/172901.993:ERROR:interface_endpoint_client.cc(722)] Message 1 rejected by interface blink.mojom.WidgetHost
Jul 22, 2024 17:44:40.70 [9256:5992:0722/174440.705:ERROR:device_event_log_impl.cc(196)] [17:44:40.704] USB: usb_service_win.cc:105 SetupDiGetDeviceProperty({{A45C254E-DF1C-4EFD-8020-67D146A850E0}, 6}) failed: Element not found. (0x490)
Jul 22, 2024 17:45:06.94 [9256:9192:0722/174506.944:ERROR:connection_factory_impl.cc(483)] ConnectionHandler failed with net error: -2
Jul 22, 2024 18:15:26.87 [9256:9192:0722/181526.876:ERROR:connection_factory_impl.cc(483)] ConnectionHandler failed with net error: -2
Jul 22, 2024 18:23:45.63 [9256:9192:0722/182345.636:ERROR:connection_factory_impl.cc(483)] ConnectionHandler failed with net error: -2
Jul 22, 2024 18:38:11.74 [9256:5992:0722/183811.743:ERROR:fallback_task_provider.cc(127)] Every renderer should have at least one task provided by a primary task provider. If a "Renderer" fallback task is shown, it is a bug. If you have repro steps, please file a new bug and tag it as a dependency of crbug.com/739782.
Jul 22, 2024 19:06:55.69 [9256:5992:0722/190655.698:ERROR:fallback_task_provider.cc(127)] Every renderer should have at least one task provided by a primary task provider. If a "Renderer" fallback task is shown, it is a bug. If you have repro steps, please file a new bug and tag it as a dependency of crbug.com/739782.
Jul 22, 2024 19:20:41.55 [9256:5992:0722/192041.550:ERROR:interface_endpoint_client.cc(722)] Message 1 rejected by interface blink.mojom.WidgetHost

Jul 22, 2024 23:36:30.08 NEW SESSION
Jul 22, 2024 23:36:30.08 Created TensorFlow Lite XNNPACK delegate for CPU.

Jul 23, 2024 08:44:43.43 NEW SESSION
Jul 23, 2024 08:44:43.43 Created TensorFlow Lite XNNPACK delegate for CPU.
Jul 23, 2024 09:14:21.82 [12380:16864:0723/091421.821:ERROR:connection_factory_impl.cc(483)] ConnectionHandler failed with net error: -2
Jul 23, 2024 09:18:40.62 [12380:9948:0723/091840.621:ERROR:device_event_log_impl.cc(196)] [09:18:40.621] USB: usb_service_win.cc:105 SetupDiGetDeviceProperty({{A45C254E-DF1C-4EFD-8020-67D146A850E0}, 6}) failed: Element not found. (0x490)
Jul 23, 2024 09:18:41.62 [12380:9948:0723/091841.620:ERROR:interface_endpoint_client.cc(722)] Message 1 rejected by interface blink.mojom.WidgetHost
Jul 23, 2024 09:34:04.62 [12380:9948:0723/093404.626:ERROR:fallback_task_provider.cc(127)] Every renderer should have at least one task provided by a primary task provider. If a "Renderer" fallback task is shown, it is a bug. If you have repro steps, please file a new bug and tag it as a dependency of crbug.com/739782.
Jul 23, 2024 09:34:05.48 [12380:9948:0723/093405.481:ERROR:fallback_task_provider.cc(127)] Every renderer should have at least one task provided by a primary task provider. If a "Renderer" fallback task is shown, it is a bug. If you have repro steps, please file a new bug and tag it as a dependency of crbug.com/739782.
Jul 23, 2024 09:34:08.79 [12380:9948:0723/093408.791:ERROR:fallback_task_provider.cc(127)] Every renderer should have at least one task provided by a primary task provider. If a "Renderer" fallback task is shown, it is a bug. If you have repro steps, please file a new bug and tag it as a dependency of crbug.com/739782.
Jul 23, 2024 09:34:12.45 [12380:9948:0723/093412.450:ERROR:fallback_task_provider.cc(127)] Every renderer should have at least one task provided by a primary task provider. If a "Renderer" fallback task is shown, it is a bug. If you have repro steps, please file a new bug and tag it as a dependency of crbug.com/739782.
Jul 23, 2024 09:34:14.43 [12380:9948:0723/093414.433:ERROR:fallback_task_provider.cc(127)] Every renderer should have at least one task provided by a primary task provider. If a "Renderer" fallback task is shown, it is a bug. If you have repro steps, please file a new bug and tag it as a dependency of crbug.com/739782.
Jul 23, 2024 09:44:47.18 [12380:16864:0723/094447.185:ERROR:connection_factory_impl.cc(483)] ConnectionHandler failed with net error: -2
Jul 23, 2024 09:51:06.44 [12380:9948:0723/095106.448:ERROR:fallback_task_provider.cc(127)] Every renderer should have at least one task provided by a primary task provider. If a "Renderer" fallback task is shown, it is a bug. If you have repro steps, please file a new bug and tag it as a dependency of crbug.com/739782.
Jul 23, 2024 09:51:49.32 [12380:9948:0723/095149.322:ERROR:fallback_task_provider.cc(127)] Every renderer should have at least one task provided by a primary task provider. If a "Renderer" fallback task is shown, it is a bug. If you have repro steps, please file a new bug and tag it as a dependency of crbug.com/739782.
Jul 23, 2024 09:51:50.25 [12380:9948:0723/095150.254:ERROR:interface_endpoint_client.cc(722)] Message 0 rejected by interface blink.mojom.WidgetHost
Jul 23, 2024 09:51:55.68 [12380:9948:0723/095155.682:ERROR:fallback_task_provider.cc(127)] Every renderer should have at least one task provided by a primary task provider. If a "Renderer" fallback task is shown, it is a bug. If you have repro steps, please file a new bug and tag it as a dependency of crbug.com/739782.
Jul 23, 2024 09:53:16.47 [12380:9948:0723/095316.473:ERROR:fallback_task_provider.cc(127)] Every renderer should have at least one task provided by a primary task provider. If a "Renderer" fallback task is shown, it is a bug. If you have repro steps, please file a new bug and tag it as a dependency of crbug.com/739782.

Jul 24, 2024 21:06:51.87 NEW SESSION
Jul 24, 2024 21:06:51.87 Created TensorFlow Lite XNNPACK delegate for CPU.
Jul 24, 2024 21:07:19.93 Attempting to use a delegate that only supports static-sized tensors with a graph that has dynamic-sized tensors (tensor#58 is a dynamic-sized tensor).
